SQL> @/u01/app/ora256/product/11.2.0.3/CSCIE256/rdbms/admin/catbundle.sql psu apply;
SQL> Rem
SQL> Rem $Header: rdbms/admin/catbundle.sql /st_rdbms_11.2.0/3 2011/08/08 09:52:28 surman Exp $
SQL> Rem
SQL> Rem catbundle.sql
SQL> Rem
SQL> Rem Copyright (c) 2008, 2011, Oracle and/or its affiliates.
SQL> Rem All rights reserved.
SQL> Rem
SQL> Rem    NAME
SQL> Rem      catbundle.sql - Patch bundle installation script
SQL> Rem
SQL> Rem    DESCRIPTION
SQL> Rem      This script is used to load the necessary SQL files for a bundled
SQL> Rem      patch installation into the database.  It is meant to be run after
SQL> Rem      opatch has finished updating the ORACLE_HOME with the new SQL files
SQL> Rem      and binaries, and the database has been started.
SQL> Rem
SQL> Rem      There are two parameters, both of which are mandatory:
SQL> Rem      @catbundle <bundle series> <patch mode>
SQL> Rem      where <bundle series> is the name of the bundle (i.e. CPU or WINDOWS)
SQL> Rem      and <patch mode> is either apply or rollback.
SQL> Rem      The arguments are not case sensitive.
SQL> Rem
SQL> Rem      You must be connected as sys before running this script.
SQL> Rem
SQL> Rem      catbundle.sql will look in $ORACLE_HOME/rdbms/admin for an input XML
SQL> Rem      file named bundledata_<bundle series>.xml (i.e. bundledata_CPU.xml)
SQL> Rem      for information about which patches in the bundle contain which SQL
SQL> Rem      files.
SQL> Rem
SQL> Rem      When invoked in apply mode, catbundle will do the following:
SQL> Rem      * Spool output to $ORACLE_BASE/cfgtoollogs/catbundle.  If
SQL> Rem        $ORACLE_BASE is not defined, then spool output to
SQL> Rem        $ORACLE_HOME/cfgtoollogs/catbundle/.  The directory will be created
SQL> Rem        if it does not already exist.
SQL> Rem      * Dynamically generate an apply SQL script based on the current
SQL> Rem        state of the database.  This script will be named
SQL> Rem        catbundle_<bundle series>_<database SID>_APPLY_<timestamp>.sql
SQL> Rem        and will be generated to the $ORACLE_HOME/rdbms/admin directory.
SQL> Rem        It will contain only the files necessary to bring the database
SQL> Rem        to the highest patch level specified in bundledata.xml.
SQL> Rem      * Dynamically generate a rollback SQL script based on bundledata.xml.
SQL> Rem        This script will be named
SQL> Rem        catbundle_<bundle series>_<database SID>_ROLLBACK.sql and will
SQL> Rem        also be generated to $ORACLE_HOME/rdbms/admin.  It will contain
SQL> Rem        the files necessary to rollback the database back to a previous
SQL> Rem        state after an opatch -rollback.
SQL> Rem      * Automatically invoke the generated apply script.
SQL> Rem
SQL> Rem     When invoked in rollback mode, catbundle will simply call the
SQL> Rem     existing generated rollback script.  The rollback script can also
SQL> Rem     be called directly from a SQL*Plus session.
SQL> Rem
SQL> Rem     The scripts catcpu.sql and catcpu_rollback.sql are now wrappers to
SQL> Rem     this script.
SQL> Rem
SQL> Rem    MODIFIED   (MM/DD/YY)
SQL> Rem    surman      07/18/11 - 12766056: Always create CatbundleCreateDir
SQL> Rem    surman      05/31/11 - 11937509: Create log directory in java
SQL> Rem    surman      05/17/11 - 10413872: Filename priority
SQL> Rem    surman      05/16/11 - 10413872: Bundledata version
SQL> Rem    surman      07/27/10 - 9938689: Create log directory using ORACLE_BASE
SQL> Rem    surman      05/08/09 - 8498426: Set namespace
SQL> Rem    surman      03/30/09 - 8358067: Specify nls_language
SQL> Rem    surman      03/04/09 - 7710405: Correct INSTR platform checks
SQL> Rem    rvadraha    09/03/13 - 7658224: Check mount points using _kolfuseslf
SQL> Rem    surman      09/10/08 - 7391049: Invalid dba_registry_history synonym
SQL> Rem    surman      06/13/08 - Use proper action in registry update
SQL> Rem    surman      06/10/08 - Change logging behavior
SQL> Rem    surman      06/09/08 - Still more comments
SQL> Rem    surman      06/06/08 - Determine directory names in catbundle
SQL> Rem    surman      06/05/08 - Generate rollback script at apply time
SQL> Rem    surman      06/05/08 - Remove bundle_script and spool commands
SQL> Rem    surman      05/28/08 - More comments
SQL> Rem    surman      05/21/08 - Generic bundle names
SQL> Rem    surman      05/20/08 - Change to catbundle from catbp
SQL> Rem    surman      05/20/08 - Support rollback
SQL> Rem    surman      05/19/08 - catcpu.sql replacement project
SQL> Rem    surman      05/19/08 - Created
SQL> Rem
SQL> 
SQL> SET TERMOUT on
SQL> SET ECHO off

PL/SQL procedure successfully completed.


PL/SQL procedure successfully completed.


PL/SQL procedure successfully completed.


                                                                                                                                                                                                        
                                                                                                                                                                                                        

1 row selected.



                                                                                                                                                                                                        
                                                                                                                                                                                                        

1 row selected.

